{
  "stats": {
    "suites": 0,
    "tests": 1,
    "passes": 1,
    "pending": 0,
    "failures": 0,
    "start": "2023-07-06T09:49:15.570Z",
    "end": "2023-07-06T09:49:26.353Z",
    "duration": 10783,
    "testsRegistered": 1,
    "passPercent": 100,
    "pendingPercent": 0,
    "other": 0,
    "hasOther": false,
    "skipped": 0,
    "hasSkipped": false
  },
  "results": [
    {
      "uuid": "8e7e2a48-ea98-41d1-b131-866ace5c5ae7",
      "title": "",
      "fullFile": "cypress/integration/login.ts",
      "file": "cypress/integration/login.ts",
      "beforeHooks": [],
      "afterHooks": [],
      "tests": [
        {
          "title": "Test Sauce Demo Add to Cart product backpack",
          "fullTitle": "Test Sauce Demo Add to Cart product backpack",
          "timedOut": null,
          "duration": 6923,
          "state": "passed",
          "speed": "medium",
          "pass": true,
          "fail": false,
          "pending": false,
          "context": null,
          "code": "loginPage.login(URL, 'standard_user', 'secret_sauce');\nloginPage.assertLogin();\ndashboardPage.sauceLabsBackpack();\ndashboardPage.sauceLabsBackpackAddToCart();",
          "err": {},
          "uuid": "5ef0102f-31b8-4d43-970c-a961ae3920c3",
          "parentUUID": "8e7e2a48-ea98-41d1-b131-866ace5c5ae7",
          "isHook": false,
          "skipped": false
        }
      ],
      "suites": [],
      "passes": [
        "5ef0102f-31b8-4d43-970c-a961ae3920c3"
      ],
      "failures": [],
      "pending": [],
      "skipped": [],
      "duration": 6923,
      "root": true,
      "rootEmpty": false,
      "_timeout": 2000
    }
  ],
  "meta": {
    "mocha": {
      "version": "7.0.1"
    },
    "mochawesome": {
      "options": {
        "quiet": false,
        "reportFilename": "mochawesome",
        "saveHtml": false,
        "saveJson": true,
        "consoleReporter": "spec",
        "useInlineDiffs": false,
        "code": true
      },
      "version": "7.1.3"
    },
    "marge": {
      "options": {
        "chart": true,
        "overwrite": false,
        "html": false,
        "json": true,
        "reportDir": "cypress/reports"
      },
      "version": "6.2.0"
    }
  }
}