{
  "stats": {
    "suites": 0,
    "tests": 1,
    "passes": 1,
    "pending": 0,
    "failures": 0,
    "start": "2023-07-06T09:51:55.223Z",
    "end": "2023-07-06T09:52:05.405Z",
    "duration": 10182,
    "testsRegistered": 1,
    "passPercent": 100,
    "pendingPercent": 0,
    "other": 0,
    "hasOther": false,
    "skipped": 0,
    "hasSkipped": false
  },
  "results": [
    {
      "uuid": "bf8a1483-d73d-4e80-820b-4c1510fb1aac",
      "title": "",
      "fullFile": "cypress/integration/login.ts",
      "file": "cypress/integration/login.ts",
      "beforeHooks": [],
      "afterHooks": [],
      "tests": [
        {
          "title": "Invalid Test Sauce Demo Add to Cart product backpack",
          "fullTitle": "Invalid Test Sauce Demo Add to Cart product backpack",
          "timedOut": null,
          "duration": 6815,
          "state": "passed",
          "speed": "medium",
          "pass": true,
          "fail": false,
          "pending": false,
          "context": null,
          "code": "loginPage.login(URL, 'standard_user', 'secret_sauce');\nloginPage.assertLogin();\ndashboardPage.sauceLabsBackpack();\ndashboardPage.invalidSauceLabsBackpackAddToCart();",
          "err": {},
          "uuid": "41e01f18-4216-4936-9cb4-a4fe0b38748d",
          "parentUUID": "bf8a1483-d73d-4e80-820b-4c1510fb1aac",
          "isHook": false,
          "skipped": false
        }
      ],
      "suites": [],
      "passes": [
        "41e01f18-4216-4936-9cb4-a4fe0b38748d"
      ],
      "failures": [],
      "pending": [],
      "skipped": [],
      "duration": 6815,
      "root": true,
      "rootEmpty": false,
      "_timeout": 2000
    }
  ],
  "meta": {
    "mocha": {
      "version": "7.0.1"
    },
    "mochawesome": {
      "options": {
        "quiet": false,
        "reportFilename": "mochawesome",
        "saveHtml": false,
        "saveJson": true,
        "consoleReporter": "spec",
        "useInlineDiffs": false,
        "code": true
      },
      "version": "7.1.3"
    },
    "marge": {
      "options": {
        "chart": true,
        "overwrite": false,
        "html": false,
        "json": true,
        "reportDir": "cypress/reports"
      },
      "version": "6.2.0"
    }
  }
}