{
  "stats": {
    "suites": 0,
    "tests": 3,
    "passes": 1,
    "pending": 0,
    "failures": 2,
    "start": "2023-07-06T09:19:11.479Z",
    "end": "2023-07-06T09:19:29.838Z",
    "duration": 18359,
    "testsRegistered": 3,
    "passPercent": 33.33333333333333,
    "pendingPercent": 0,
    "other": 0,
    "hasOther": false,
    "skipped": 0,
    "hasSkipped": false
  },
  "results": [
    {
      "uuid": "5b40d903-56de-4e74-bbdd-eb69f952676b",
      "title": "",
      "fullFile": "cypress/integration/login.ts",
      "file": "cypress/integration/login.ts",
      "beforeHooks": [],
      "afterHooks": [],
      "tests": [
        {
          "title": "Test LOGIN",
          "fullTitle": "Test LOGIN",
          "timedOut": null,
          "duration": 8325,
          "state": "failed",
          "speed": null,
          "pass": false,
          "fail": true,
          "pending": false,
          "context": null,
          "code": "loginPage.login(URL, 'standard_user', 'secret_sauce');\nloginPage.assertLogin();",
          "err": {
            "message": "AssertionError: Timed out retrying after 4000ms: Expected to find element: `.title`, but never found it.",
            "estack": "AssertionError: Timed out retrying after 4000ms: Expected to find element: `.title`, but never found it.\n    at LoginPage.assertLogin (https://www.saucedemo.com/__cypress/tests?p=cypress/integration/login.ts:176:26)\n    at Context.eval (https://www.saucedemo.com/__cypress/tests?p=cypress/integration/login.ts:106:15)",
            "diff": null
          },
          "uuid": "addb20c0-312c-4653-bc6a-e62d046e1525",
          "parentUUID": "5b40d903-56de-4e74-bbdd-eb69f952676b",
          "isHook": false,
          "skipped": false
        },
        {
          "title": "Test Sauce Demo Invalid Password",
          "fullTitle": "Test Sauce Demo Invalid Password",
          "timedOut": null,
          "duration": 1124,
          "state": "passed",
          "speed": "fast",
          "pass": true,
          "fail": false,
          "pending": false,
          "context": null,
          "code": "loginPage.login(URL, 'standard_user', 'invalidPass');\nloginPage.assertLoginFail();",
          "err": {},
          "uuid": "831ebb3f-0f24-4c41-970d-bcbd6bdcfd6c",
          "parentUUID": "5b40d903-56de-4e74-bbdd-eb69f952676b",
          "isHook": false,
          "skipped": false
        },
        {
          "title": "Test Sauce Demo Sauce labs product backpack",
          "fullTitle": "Test Sauce Demo Sauce labs product backpack",
          "timedOut": null,
          "duration": 5182,
          "state": "failed",
          "speed": null,
          "pass": false,
          "fail": true,
          "pending": false,
          "context": null,
          "code": "loginPage.login(URL, 'standard_user', 'secret_sauce');\nloginPage.assertLogin();\ndashboardPage.sauceLabsBackpack();",
          "err": {
            "message": "AssertionError: Timed out retrying after 4000ms: Expected to find element: `.title`, but never found it.",
            "estack": "AssertionError: Timed out retrying after 4000ms: Expected to find element: `.title`, but never found it.\n    at LoginPage.assertLogin (https://www.saucedemo.com/__cypress/tests?p=cypress/integration/login.ts:176:26)\n    at Context.eval (https://www.saucedemo.com/__cypress/tests?p=cypress/integration/login.ts:114:15)",
            "diff": null
          },
          "uuid": "1ff5feb3-9454-45c2-948e-2fde238ccc4e",
          "parentUUID": "5b40d903-56de-4e74-bbdd-eb69f952676b",
          "isHook": false,
          "skipped": false
        }
      ],
      "suites": [],
      "passes": [
        "831ebb3f-0f24-4c41-970d-bcbd6bdcfd6c"
      ],
      "failures": [
        "addb20c0-312c-4653-bc6a-e62d046e1525",
        "1ff5feb3-9454-45c2-948e-2fde238ccc4e"
      ],
      "pending": [],
      "skipped": [],
      "duration": 14631,
      "root": true,
      "rootEmpty": false,
      "_timeout": 2000
    }
  ],
  "meta": {
    "mocha": {
      "version": "7.0.1"
    },
    "mochawesome": {
      "options": {
        "quiet": false,
        "reportFilename": "mochawesome",
        "saveHtml": false,
        "saveJson": true,
        "consoleReporter": "spec",
        "useInlineDiffs": false,
        "code": true
      },
      "version": "7.1.3"
    },
    "marge": {
      "options": {
        "chart": true,
        "overwrite": false,
        "html": false,
        "json": true,
        "reportDir": "cypress/reports"
      },
      "version": "6.2.0"
    }
  }
}