{
  "stats": {
    "suites": 0,
    "tests": 1,
    "passes": 1,
    "pending": 0,
    "failures": 0,
    "start": "2023-07-06T10:12:09.701Z",
    "end": "2023-07-06T10:12:21.488Z",
    "duration": 11787,
    "testsRegistered": 1,
    "passPercent": 100,
    "pendingPercent": 0,
    "other": 0,
    "hasOther": false,
    "skipped": 0,
    "hasSkipped": false
  },
  "results": [
    {
      "uuid": "fd0b13cb-3db1-4b12-b1b4-3476172e1a23",
      "title": "",
      "fullFile": "cypress/integration/login.ts",
      "file": "cypress/integration/login.ts",
      "beforeHooks": [],
      "afterHooks": [],
      "tests": [
        {
          "title": "Test Sauce Demo Checkout backpack",
          "fullTitle": "Test Sauce Demo Checkout backpack",
          "timedOut": null,
          "duration": 8043,
          "state": "passed",
          "speed": "medium",
          "pass": true,
          "fail": false,
          "pending": false,
          "context": null,
          "code": "loginPage.login(URL, 'standard_user', 'secret_sauce');\nloginPage.assertLogin();\ndashboardPage.sauceLabsBackpack();\ndashboardPage.sauceLabsBackpackAddToCart();",
          "err": {},
          "uuid": "11b5b285-4872-4c5a-aeec-b10195a7791a",
          "parentUUID": "fd0b13cb-3db1-4b12-b1b4-3476172e1a23",
          "isHook": false,
          "skipped": false
        }
      ],
      "suites": [],
      "passes": [
        "11b5b285-4872-4c5a-aeec-b10195a7791a"
      ],
      "failures": [],
      "pending": [],
      "skipped": [],
      "duration": 8043,
      "root": true,
      "rootEmpty": false,
      "_timeout": 2000
    }
  ],
  "meta": {
    "mocha": {
      "version": "7.0.1"
    },
    "mochawesome": {
      "options": {
        "quiet": false,
        "reportFilename": "mochawesome",
        "saveHtml": false,
        "saveJson": true,
        "consoleReporter": "spec",
        "useInlineDiffs": false,
        "code": true
      },
      "version": "7.1.3"
    },
    "marge": {
      "options": {
        "chart": true,
        "overwrite": false,
        "html": false,
        "json": true,
        "reportDir": "cypress/reports"
      },
      "version": "6.2.0"
    }
  }
}